2019-06-15 21:34:10,110 INFO o.a.j.u.JMeterUtils: Setting Locale to en_IL
2019-06-15 21:34:10,150 INFO o.a.j.JMeter: Loading user properties from: /Volumes/DATA/JMeter/apache-jmeter-5.1.1/bin/user.properties
2019-06-15 21:34:10,151 INFO o.a.j.JMeter: Loading system properties from: /Volumes/DATA/JMeter/apache-jmeter-5.1.1/bin/system.properties
2019-06-15 21:34:10,159 INFO o.a.j.JMeter: Copyright (c) 1998-2019 The Apache Software Foundation
2019-06-15 21:34:10,160 INFO o.a.j.JMeter: Version 5.1.1 r1855137
2019-06-15 21:34:10,160 INFO o.a.j.JMeter: java.version=1.8.0_161
2019-06-15 21:34:10,160 INFO o.a.j.JMeter: java.vm.name=Java HotSpot(TM) 64-Bit Server VM
2019-06-15 21:34:10,160 INFO o.a.j.JMeter: os.name=Mac OS X
2019-06-15 21:34:10,160 INFO o.a.j.JMeter: os.arch=x86_64
2019-06-15 21:34:10,160 INFO o.a.j.JMeter: os.version=10.13.6
2019-06-15 21:34:10,160 INFO o.a.j.JMeter: file.encoding=UTF-8
2019-06-15 21:34:10,160 INFO o.a.j.JMeter: java.awt.headless=true
2019-06-15 21:34:10,160 INFO o.a.j.JMeter: Max memory     =1908932608
2019-06-15 21:34:10,161 INFO o.a.j.JMeter: Available Processors =4
2019-06-15 21:34:10,166 INFO o.a.j.JMeter: Default Locale=English (Israel)
2019-06-15 21:34:10,166 INFO o.a.j.JMeter: JMeter  Locale=English (Israel)
2019-06-15 21:34:10,166 INFO o.a.j.JMeter: JMeterHome=/Volumes/DATA/JMeter/apache-jmeter-5.1.1
2019-06-15 21:34:10,167 INFO o.a.j.JMeter: user.dir  =/Volumes/DATA/JMeter
2019-06-15 21:34:10,167 INFO o.a.j.JMeter: PWD       =/Volumes/DATA/JMeter
2019-06-15 21:34:10,169 INFO o.a.j.JMeter: IP: 172.20.10.3 Name: AntonMacBookPro.local FullName: 172.20.10.3
2019-06-15 21:34:10,189 INFO o.a.j.JMeter: Setting property 'jmeter.reportgenerator.outputdir' to:'/Volumes/DATA/JMeter/output'
2019-06-15 21:34:10,196 INFO o.a.j.r.d.ReportGenerator: ReportGenerator will use for Parsing the separator: ','
2019-06-15 21:34:10,197 INFO o.a.j.r.d.ReportGenerator: Will only generate report from results file: report/report.csv
2019-06-15 21:34:10,197 INFO o.a.j.r.d.ReportGenerator: Reading report generator properties from: /Volumes/DATA/JMeter/apache-jmeter-5.1.1/bin/reportgenerator.properties
2019-06-15 21:34:10,217 INFO o.a.j.r.d.ReportGenerator: Merging with JMeter properties
2019-06-15 21:34:10,224 INFO o.a.j.r.c.ReportGeneratorConfiguration: Property 'jmeter.reportgenerator.temp_dir' not found, using default value 'temp' instead.
2019-06-15 21:34:10,228 INFO o.a.j.r.c.ReportGeneratorConfiguration: Property 'jmeter.reportgenerator.apdex_per_transaction' not found, using default value 'null' instead.
2019-06-15 21:34:10,272 INFO o.a.j.r.c.ReportGeneratorConfiguration: apdex_per_transaction : {} is empty, not APDEX per transaction customization
2019-06-15 21:34:10,273 INFO o.a.j.r.c.ReportGeneratorConfiguration: Property 'jmeter.reportgenerator.sample_filter' not found, using default value 'null' instead.
2019-06-15 21:34:10,273 INFO o.a.j.r.c.ReportGeneratorConfiguration: Property 'jmeter.reportgenerator.report_title' not found, using default value 'null' instead.
2019-06-15 21:34:10,273 INFO o.a.j.r.c.ReportGeneratorConfiguration: Property 'jmeter.reportgenerator.start_date' not found, using default value 'null' instead.
2019-06-15 21:34:10,274 INFO o.a.j.r.c.ReportGeneratorConfiguration: Property 'jmeter.reportgenerator.end_date' not found, using default value 'null' instead.
2019-06-15 21:34:10,288 INFO o.a.j.r.c.ReportGeneratorConfiguration: Property 'jmeter.reportgenerator.date_format' not found, using default value 'null' instead.
2019-06-15 21:34:10,293 INFO o.a.j.r.c.ReportGeneratorConfiguration: Will use date range start date: null, end date: null
2019-06-15 21:34:10,361 INFO o.a.j.r.c.ReportGeneratorConfiguration: Property 'jmeter.reportgenerator.graph.totalTPS.exclude_controllers' not found, using default value 'false' instead.
2019-06-15 21:34:10,362 INFO o.a.j.r.c.ReportGeneratorConfiguration: Property 'jmeter.reportgenerator.graph.activeThreadsOverTime.exclude_controllers' not found, using default value 'false' instead.
2019-06-15 21:34:10,362 INFO o.a.j.r.c.ReportGeneratorConfiguration: Property 'jmeter.reportgenerator.graph.timeVsThreads.exclude_controllers' not found, using default value 'false' instead.
2019-06-15 21:34:10,363 INFO o.a.j.r.c.ReportGeneratorConfiguration: Property 'jmeter.reportgenerator.graph.responseTimeDistribution.exclude_controllers' not found, using default value 'false' instead.
2019-06-15 21:34:10,363 INFO o.a.j.r.c.ReportGeneratorConfiguration: Property 'jmeter.reportgenerator.graph.transactionsPerSecond.exclude_controllers' not found, using default value 'false' instead.
2019-06-15 21:34:10,363 INFO o.a.j.r.c.ReportGeneratorConfiguration: Property 'jmeter.reportgenerator.graph.responseTimePercentiles.exclude_controllers' not found, using default value 'false' instead.
2019-06-15 21:34:10,363 INFO o.a.j.r.c.ReportGeneratorConfiguration: Property 'jmeter.reportgenerator.graph.responseTimePercentilesOverTime.exclude_controllers' not found, using default value 'false' instead.
2019-06-15 21:34:10,364 INFO o.a.j.r.c.ReportGeneratorConfiguration: Property 'jmeter.reportgenerator.graph.responseTimesOverTime.exclude_controllers' not found, using default value 'false' instead.
2019-06-15 21:34:10,364 INFO o.a.j.r.c.ReportGeneratorConfiguration: Property 'jmeter.reportgenerator.graph.connectTimeOverTime.exclude_controllers' not found, using default value 'false' instead.
2019-06-15 21:34:10,364 INFO o.a.j.r.c.ReportGeneratorConfiguration: Property 'jmeter.reportgenerator.graph.latenciesOverTime.exclude_controllers' not found, using default value 'false' instead.
2019-06-15 21:34:10,366 INFO o.a.j.r.c.ReportGeneratorConfiguration: Property 'jmeter.reportgenerator.exporter.json.filters_only_sample_series' not found, using default value 'true' instead.
2019-06-15 21:34:10,367 INFO o.a.j.r.c.ReportGeneratorConfiguration: Property 'jmeter.reportgenerator.exporter.json.series_filter' not found, using default value '' instead.
2019-06-15 21:34:10,367 INFO o.a.j.r.c.ReportGeneratorConfiguration: Property 'jmeter.reportgenerator.exporter.json.show_controllers_only' not found, using default value 'false' instead.
2019-06-15 21:34:10,368 INFO o.a.j.r.c.ReportGeneratorConfiguration: Property 'jmeter.reportgenerator.exporter.html.filters_only_sample_series' not found, using default value 'true' instead.
2019-06-15 21:34:10,368 INFO o.a.j.r.c.ReportGeneratorConfiguration: Property 'jmeter.reportgenerator.exporter.html.series_filter' not found, using default value '' instead.
2019-06-15 21:34:10,368 INFO o.a.j.r.c.ReportGeneratorConfiguration: Property 'jmeter.reportgenerator.exporter.html.show_controllers_only' not found, using default value 'false' instead.
2019-06-15 21:34:10,698 INFO o.a.j.s.SaveService: Testplan (JMX) version: 2.2. Testlog (JTL) version: 2.2
2019-06-15 21:34:10,737 INFO o.a.j.s.SaveService: Using SaveService properties file encoding UTF-8
2019-06-15 21:34:10,749 INFO o.a.j.s.SaveService: Using SaveService properties version 5.0
2019-06-15 21:34:10,881 INFO o.a.j.r.p.NormalizerSampleConsumer: Using format, 'ms', to parse timeStamp field
2019-06-15 21:34:11,089 INFO o.a.j.r.p.AbstractSampleConsumer: class org.apache.jmeter.report.processor.AggregateConsumer#stopProducing(): beginDate produced 0 samples
2019-06-15 21:34:11,089 INFO o.a.j.r.p.AbstractSampleConsumer: class org.apache.jmeter.report.processor.AggregateConsumer#stopProducing(): endDate produced 0 samples
2019-06-15 21:34:11,094 INFO o.a.j.r.p.AbstractSampleConsumer: class org.apache.jmeter.report.processor.ApdexSummaryConsumer#stopProducing(): apdexSummary produced 0 samples
2019-06-15 21:34:11,094 INFO o.a.j.r.p.AbstractSampleConsumer: class org.apache.jmeter.report.processor.RequestsSummaryConsumer#stopProducing(): requestsSummary produced 0 samples
2019-06-15 21:34:11,105 INFO o.a.j.r.p.AbstractSampleConsumer: class org.apache.jmeter.report.processor.StatisticsSummaryConsumer#stopProducing(): statisticsSummary produced 0 samples
2019-06-15 21:34:11,121 INFO o.a.j.r.p.AbstractSampleConsumer: class org.apache.jmeter.report.processor.Top5ErrorsBySamplerConsumer#stopProducing(): top5ErrorsBySampler produced 0 samples
2019-06-15 21:34:11,122 INFO o.a.j.r.p.AbstractSampleConsumer: class org.apache.jmeter.report.processor.ErrorsSummaryConsumer#stopProducing(): errorsSummary produced 0 samples
2019-06-15 21:34:11,123 INFO o.a.j.r.p.AbstractSampleConsumer: class org.apache.jmeter.report.processor.graph.impl.HitsPerSecondGraphConsumer#stopProducing(): hitsPerSecond produced 0 samples
2019-06-15 21:34:11,151 INFO o.a.j.r.p.AbstractSampleConsumer: class org.apache.jmeter.report.processor.graph.impl.LatencyVSRequestGraphConsumer#stopProducing(): latencyVsRequest produced 0 samples
2019-06-15 21:34:11,156 INFO o.a.j.r.p.AbstractSampleConsumer: class org.apache.jmeter.report.processor.graph.impl.SyntheticResponseTimeDistributionGraphConsumer#stopProducing(): syntheticResponseTimeDistribution produced 0 samples
2019-06-15 21:34:11,157 INFO o.a.j.r.p.AbstractSampleConsumer: class org.apache.jmeter.report.processor.graph.impl.BytesThroughputGraphConsumer#stopProducing(): bytesThroughputOverTime produced 0 samples
2019-06-15 21:34:11,157 INFO o.a.j.r.p.AbstractSampleConsumer: class org.apache.jmeter.report.processor.graph.impl.CodesPerSecondGraphConsumer#stopProducing(): codesPerSecond produced 0 samples
2019-06-15 21:34:11,177 INFO o.a.j.r.p.AbstractSampleConsumer: class org.apache.jmeter.report.processor.graph.impl.ResponseTimeVSRequestGraphConsumer#stopProducing(): responseTimeVsRequest produced 0 samples
2019-06-15 21:34:11,178 INFO o.a.j.r.p.AbstractSampleConsumer: class org.apache.jmeter.report.processor.FilterConsumer#stopProducing(): startIntervalControlerFilter produced 350 samples
2019-06-15 21:34:11,178 INFO o.a.j.r.p.AbstractSampleConsumer: class org.apache.jmeter.report.processor.graph.impl.TotalTPSGraphConsumer#stopProducing(): totalTPS produced 0 samples
2019-06-15 21:34:11,178 INFO o.a.j.r.p.AbstractSampleConsumer: class org.apache.jmeter.report.processor.graph.impl.ActiveThreadsGraphConsumer#stopProducing(): activeThreadsOverTime produced 0 samples
2019-06-15 21:34:11,179 INFO o.a.j.r.p.AbstractSampleConsumer: class org.apache.jmeter.report.processor.graph.impl.TimeVSThreadGraphConsumer#stopProducing(): timeVsThreads produced 0 samples
2019-06-15 21:34:11,179 INFO o.a.j.r.p.AbstractSampleConsumer: class org.apache.jmeter.report.processor.graph.impl.ResponseTimeDistributionGraphConsumer#stopProducing(): responseTimeDistribution produced 0 samples
2019-06-15 21:34:11,181 INFO o.a.j.r.p.AbstractSampleConsumer: class org.apache.jmeter.report.processor.graph.impl.TransactionsPerSecondGraphConsumer#stopProducing(): transactionsPerSecond produced 0 samples
2019-06-15 21:34:11,181 INFO o.a.j.r.p.AbstractSampleConsumer: class org.apache.jmeter.report.processor.graph.impl.ResponseTimePercentilesGraphConsumer#stopProducing(): responseTimePercentiles produced 0 samples
2019-06-15 21:34:11,184 INFO o.a.j.r.p.AbstractSampleConsumer: class org.apache.jmeter.report.processor.graph.impl.ResponseTimePercentilesOverTimeGraphConsumer#stopProducing(): responseTimePercentilesOverTime produced 0 samples
2019-06-15 21:34:11,185 INFO o.a.j.r.p.AbstractSampleConsumer: class org.apache.jmeter.report.processor.graph.impl.ResponseTimeOverTimeGraphConsumer#stopProducing(): responseTimesOverTime produced 0 samples
2019-06-15 21:34:11,185 INFO o.a.j.r.p.AbstractSampleConsumer: class org.apache.jmeter.report.processor.graph.impl.ConnectTimeOverTimeGraphConsumer#stopProducing(): connectTimeOverTime produced 0 samples
2019-06-15 21:34:11,186 INFO o.a.j.r.p.AbstractSampleConsumer: class org.apache.jmeter.report.processor.graph.impl.LatencyOverTimeGraphConsumer#stopProducing(): latenciesOverTime produced 0 samples
2019-06-15 21:34:11,186 INFO o.a.j.r.p.AbstractSampleConsumer: class org.apache.jmeter.report.processor.FilterConsumer#stopProducing(): nameFilter produced 750 samples
2019-06-15 21:34:11,186 INFO o.a.j.r.p.AbstractSampleConsumer: class org.apache.jmeter.report.processor.FilterConsumer#stopProducing(): dateRangeFilter produced 150 samples
2019-06-15 21:34:11,186 INFO o.a.j.r.p.AbstractSampleConsumer: class org.apache.jmeter.report.processor.NormalizerSampleConsumer#stopProducing(): normalizer produced 50 samples
2019-06-15 21:34:11,187 INFO o.a.j.r.p.CsvFileSampleSource: produce(): 50 samples produced in 252ms on channel 0
2019-06-15 21:34:11,187 INFO o.a.j.r.d.ReportGenerator: Exporting data using exporter:'json' of className:'org.apache.jmeter.report.dashboard.JsonExporter'
2019-06-15 21:34:11,193 INFO o.a.j.r.d.JsonExporter: Found data for consumer statisticsSummary in context
2019-06-15 21:34:11,193 INFO o.a.j.r.d.JsonExporter: Creating statistics for overall
2019-06-15 21:34:11,199 INFO o.a.j.r.d.JsonExporter: Creating statistics for other transactions
2019-06-15 21:34:11,201 INFO o.a.j.r.d.JsonExporter: Checking output folder
2019-06-15 21:34:11,202 INFO o.a.j.r.d.JsonExporter: Writing statistics JSON to /Volumes/DATA/JMeter/output/statistics.json
2019-06-15 21:34:11,572 INFO o.a.j.r.d.ReportGenerator: Exporting data using exporter:'html' of className:'org.apache.jmeter.report.dashboard.HtmlTemplateExporter'
2019-06-15 21:34:11,578 INFO o.a.j.r.d.HtmlTemplateExporter: Will generate dashboard in folder: /Volumes/DATA/JMeter/output
2019-06-15 21:34:11,892 INFO o.a.j.r.d.HtmlTemplateExporter: Report will be generated in: /Volumes/DATA/JMeter/output, creating folder structure
2019-06-15 21:34:11,907 INFO o.a.j.r.d.TemplateVisitor: Copying folder from '/Volumes/DATA/JMeter/apache-jmeter-5.1.1/bin/report-template' to '/Volumes/DATA/JMeter/output', got message:[/Volumes/DATA/JMeter/output/statistics.json], found non empty folder with following content {}, will be ignored
