2019-06-15 21:33:11,377 INFO o.a.j.u.JMeterUtils: Setting Locale to en_EN
2019-06-15 21:33:11,435 INFO o.a.j.JMeter: Loading user properties from: /Volumes/DATA/JMeter/apache-jmeter-5.1.1/bin/user.properties
2019-06-15 21:33:11,436 INFO o.a.j.JMeter: Loading system properties from: /Volumes/DATA/JMeter/apache-jmeter-5.1.1/bin/system.properties
2019-06-15 21:33:11,444 INFO o.a.j.JMeter: Copyright (c) 1998-2019 The Apache Software Foundation
2019-06-15 21:33:11,445 INFO o.a.j.JMeter: Version 5.1.1 r1855137
2019-06-15 21:33:11,445 INFO o.a.j.JMeter: java.version=1.8.0_161
2019-06-15 21:33:11,445 INFO o.a.j.JMeter: java.vm.name=Java HotSpot(TM) 64-Bit Server VM
2019-06-15 21:33:11,445 INFO o.a.j.JMeter: os.name=Mac OS X
2019-06-15 21:33:11,445 INFO o.a.j.JMeter: os.arch=x86_64
2019-06-15 21:33:11,445 INFO o.a.j.JMeter: os.version=10.13.6
2019-06-15 21:33:11,445 INFO o.a.j.JMeter: file.encoding=UTF-8
2019-06-15 21:33:11,446 INFO o.a.j.JMeter: java.awt.headless=null
2019-06-15 21:33:11,446 INFO o.a.j.JMeter: Max memory     =1073741824
2019-06-15 21:33:11,446 INFO o.a.j.JMeter: Available Processors =4
2019-06-15 21:33:11,452 INFO o.a.j.JMeter: Default Locale=English (EN)
2019-06-15 21:33:11,452 INFO o.a.j.JMeter: JMeter  Locale=English (EN)
2019-06-15 21:33:11,452 INFO o.a.j.JMeter: JMeterHome=/Volumes/DATA/JMeter/apache-jmeter-5.1.1
2019-06-15 21:33:11,452 INFO o.a.j.JMeter: user.dir  =/Volumes/DATA/JMeter/apache-jmeter-5.1.1
2019-06-15 21:33:11,453 INFO o.a.j.JMeter: PWD       =/Volumes/DATA/JMeter/apache-jmeter-5.1.1
2019-06-15 21:33:11,455 INFO o.a.j.JMeter: IP: 172.20.10.3 Name: AntonMacBookPro.local FullName: 172.20.10.3
2019-06-15 21:33:14,004 INFO o.a.j.g.a.LookAndFeelCommand: Installing Darcula LAF
2019-06-15 21:33:14,031 INFO o.a.j.g.a.LookAndFeelCommand: Using look and feel: com.bulenkov.darcula.DarculaLaf [Darcula]
2019-06-15 21:33:14,031 INFO o.a.j.JMeter: Setting LAF to: com.bulenkov.darcula.DarculaLaf
2019-06-15 21:33:14,159 INFO o.a.j.JMeter: Loaded icon properties from org/apache/jmeter/images/icon.properties
2019-06-15 21:33:17,462 INFO o.a.j.p.h.s.HTTPSamplerBase: Parser for text/html is org.apache.jmeter.protocol.http.parser.LagartoBasedHtmlParser
2019-06-15 21:33:17,463 INFO o.a.j.p.h.s.HTTPSamplerBase: Parser for application/xhtml+xml is org.apache.jmeter.protocol.http.parser.LagartoBasedHtmlParser
2019-06-15 21:33:17,464 INFO o.a.j.p.h.s.HTTPSamplerBase: Parser for application/xml is org.apache.jmeter.protocol.http.parser.LagartoBasedHtmlParser
2019-06-15 21:33:17,464 INFO o.a.j.p.h.s.HTTPSamplerBase: Parser for text/xml is org.apache.jmeter.protocol.http.parser.LagartoBasedHtmlParser
2019-06-15 21:33:17,464 INFO o.a.j.p.h.s.HTTPSamplerBase: Parser for text/vnd.wap.wml is org.apache.jmeter.protocol.http.parser.RegexpHTMLParser
2019-06-15 21:33:17,464 INFO o.a.j.p.h.s.HTTPSamplerBase: Parser for text/css is org.apache.jmeter.protocol.http.parser.CssParser
2019-06-15 21:33:18,092 INFO o.a.j.e.KeyToolUtils: keytool found at 'keytool'
2019-06-15 21:33:18,093 INFO o.a.j.p.h.p.ProxyControl: HTTP(S) Test Script Recorder SSL Proxy will use keys that support embedded 3rd party resources in file /Volumes/DATA/JMeter/apache-jmeter-5.1.1/bin/proxyserver.jks
2019-06-15 21:33:18,449 INFO o.a.j.s.FileServer: Default base='/Volumes/DATA/JMeter/apache-jmeter-5.1.1'
2019-06-15 21:33:19,100 INFO o.a.j.s.SampleResult: Note: Sample TimeStamps are START times
2019-06-15 21:33:19,100 INFO o.a.j.s.SampleResult: sampleresult.default.encoding is set to ISO-8859-1
2019-06-15 21:33:19,100 INFO o.a.j.s.SampleResult: sampleresult.useNanoTime=true
2019-06-15 21:33:19,100 INFO o.a.j.s.SampleResult: sampleresult.nanoThreadSleep=5000
2019-06-15 21:33:24,800 INFO o.a.j.g.a.Load: Loading file: /Volumes/DATA/JMeter/BalanceServiceNew.jmx
2019-06-15 21:33:24,800 INFO o.a.j.s.FileServer: Set new base='/Volumes/DATA/JMeter'
2019-06-15 21:33:25,055 INFO o.a.j.s.SaveService: Testplan (JMX) version: 2.2. Testlog (JTL) version: 2.2
2019-06-15 21:33:25,082 INFO o.a.j.s.SaveService: Using SaveService properties file encoding UTF-8
2019-06-15 21:33:25,084 INFO o.a.j.s.SaveService: Using SaveService properties version 5.0
2019-06-15 21:33:25,090 INFO o.a.j.s.SaveService: Loading file: /Volumes/DATA/JMeter/BalanceServiceNew.jmx
2019-06-15 21:33:25,599 INFO o.a.j.s.FileServer: Set new base='/Volumes/DATA/JMeter'
2019-06-15 21:33:31,449 INFO o.a.j.e.StandardJMeterEngine: Running the test!
2019-06-15 21:33:31,451 INFO o.a.j.s.SampleEvent: List of sample_variables: []
2019-06-15 21:33:31,451 INFO o.a.j.s.SampleEvent: List of sample_variables: []
2019-06-15 21:33:31,454 INFO o.a.j.e.u.CompoundVariable: Note: Function class names must contain the string: '.functions.'
2019-06-15 21:33:31,454 INFO o.a.j.e.u.CompoundVariable: Note: Function class names must not contain the string: '.gui.'
2019-06-15 21:33:32,046 INFO o.a.j.g.u.JMeterMenuBar: setRunning(true, *local*)
2019-06-15 21:33:32,073 INFO o.a.j.e.StandardJMeterEngine: Starting ThreadGroup: 1 : Http URL/API Test
2019-06-15 21:33:32,133 INFO o.a.j.e.StandardJMeterEngine: Starting 10 threads for group Http URL/API Test.
2019-06-15 21:33:32,133 INFO o.a.j.e.StandardJMeterEngine: Thread will continue on error
2019-06-15 21:33:32,143 INFO o.a.j.t.ThreadGroup: Starting thread group... number=1 threads=10 ramp-up=1 delayedStart=false
2019-06-15 21:33:32,159 INFO o.a.j.t.JMeterThread: Thread started: Http URL/API Test 1-1
2019-06-15 21:33:32,180 INFO o.a.j.t.ThreadGroup: Started thread group number 1
2019-06-15 21:33:32,180 INFO o.a.j.e.StandardJMeterEngine: All thread groups have been started
2019-06-15 21:33:32,185 INFO o.a.j.p.h.s.HTTPHCAbstractImpl: Local host = AntonMacBookPro.local
2019-06-15 21:33:32,197 INFO o.a.j.p.h.s.HTTPHC4Impl: HTTP request retry count = 0
2019-06-15 21:33:32,250 INFO o.a.j.t.JMeterThread: Thread started: Http URL/API Test 1-2
2019-06-15 21:33:32,348 INFO o.a.j.t.JMeterThread: Thread started: Http URL/API Test 1-3
2019-06-15 21:33:32,452 INFO o.a.j.t.JMeterThread: Thread started: Http URL/API Test 1-4
2019-06-15 21:33:32,553 INFO o.a.j.t.JMeterThread: Thread started: Http URL/API Test 1-5
2019-06-15 21:33:32,653 INFO o.a.j.t.JMeterThread: Thread started: Http URL/API Test 1-6
2019-06-15 21:33:32,747 INFO o.a.j.t.JMeterThread: Thread started: Http URL/API Test 1-7
2019-06-15 21:33:32,854 INFO o.a.j.t.JMeterThread: Thread started: Http URL/API Test 1-8
2019-06-15 21:33:32,951 INFO o.a.j.t.JMeterThread: Thread started: Http URL/API Test 1-9
2019-06-15 21:33:33,049 INFO o.a.j.t.JMeterThread: Thread started: Http URL/API Test 1-10
2019-06-15 21:33:34,461 INFO o.a.j.u.JsseSSLManager: Using default SSL protocol: TLS
2019-06-15 21:33:34,461 INFO o.a.j.u.JsseSSLManager: SSL session context: per-thread
2019-06-15 21:33:44,482 INFO o.a.j.t.JMeterThread: Thread is done: Http URL/API Test 1-7
2019-06-15 21:33:44,482 INFO o.a.j.t.JMeterThread: Thread is done: Http URL/API Test 1-9
2019-06-15 21:33:44,482 INFO o.a.j.t.JMeterThread: Thread finished: Http URL/API Test 1-9
2019-06-15 21:33:44,483 INFO o.a.j.t.JMeterThread: Thread finished: Http URL/API Test 1-7
2019-06-15 21:33:44,489 INFO o.a.j.t.JMeterThread: Thread is done: Http URL/API Test 1-6
2019-06-15 21:33:44,489 INFO o.a.j.t.JMeterThread: Thread finished: Http URL/API Test 1-6
2019-06-15 21:33:44,503 INFO o.a.j.t.JMeterThread: Thread is done: Http URL/API Test 1-10
2019-06-15 21:33:44,504 INFO o.a.j.t.JMeterThread: Thread finished: Http URL/API Test 1-10
2019-06-15 21:33:44,620 INFO o.a.j.t.JMeterThread: Thread is done: Http URL/API Test 1-8
2019-06-15 21:33:44,620 INFO o.a.j.t.JMeterThread: Thread finished: Http URL/API Test 1-8
2019-06-15 21:33:44,643 INFO o.a.j.t.JMeterThread: Thread is done: Http URL/API Test 1-5
2019-06-15 21:33:44,643 INFO o.a.j.t.JMeterThread: Thread is done: Http URL/API Test 1-3
2019-06-15 21:33:44,644 INFO o.a.j.t.JMeterThread: Thread finished: Http URL/API Test 1-5
2019-06-15 21:33:44,644 INFO o.a.j.t.JMeterThread: Thread finished: Http URL/API Test 1-3
2019-06-15 21:33:44,646 INFO o.a.j.t.JMeterThread: Thread is done: Http URL/API Test 1-2
2019-06-15 21:33:44,646 INFO o.a.j.t.JMeterThread: Thread finished: Http URL/API Test 1-2
2019-06-15 21:33:44,649 INFO o.a.j.t.JMeterThread: Thread is done: Http URL/API Test 1-4
2019-06-15 21:33:44,650 INFO o.a.j.t.JMeterThread: Thread finished: Http URL/API Test 1-4
2019-06-15 21:33:44,782 INFO o.a.j.t.JMeterThread: Thread is done: Http URL/API Test 1-1
2019-06-15 21:33:44,782 INFO o.a.j.t.JMeterThread: Thread finished: Http URL/API Test 1-1
2019-06-15 21:33:44,783 INFO o.a.j.e.StandardJMeterEngine: Notifying test listeners of end of test
2019-06-15 21:33:44,784 INFO o.a.j.g.u.JMeterMenuBar: setRunning(false, *local*)
2019-06-15 21:33:52,581 ERROR o.a.j.JMeter: Uncaught exception: 
java.lang.IllegalArgumentException: Zero length string passed to TextLayout constructor.
	at java.awt.font.TextLayout.<init>(TextLayout.java:383) ~[?:1.8.0_161]
	at org.jCharts.chartText.TextTag.<init>(Unknown Source) ~[jcharts-0.7.5.jar:?]
	at org.jCharts.chartText.TextTag.<init>(Unknown Source) ~[jcharts-0.7.5.jar:?]
	at org.jCharts.chartData.processors.TextProcessor.addLabel(Unknown Source) ~[jcharts-0.7.5.jar:?]
	at org.jCharts.Legend.processLegendLabels(Unknown Source) ~[jcharts-0.7.5.jar:?]
	at org.jCharts.Legend.processData(Unknown Source) ~[jcharts-0.7.5.jar:?]
	at org.jCharts.Legend.calculateDrawingValues(Unknown Source) ~[jcharts-0.7.5.jar:?]
	at org.jCharts.Legend.computeLegendXY(Unknown Source) ~[jcharts-0.7.5.jar:?]
	at org.jCharts.axisChart.AxisChart.renderChart(Unknown Source) ~[jcharts-0.7.5.jar:?]
	at org.jCharts.Chart.render(Unknown Source) ~[jcharts-0.7.5.jar:?]
	at org.apache.jmeter.visualizers.RespTimeGraphChart.drawSample(RespTimeGraphChart.java:367) ~[ApacheJMeter_components.jar:5.1.1 r1855137]
	at org.apache.jmeter.visualizers.RespTimeGraphChart.paintComponent(RespTimeGraphChart.java:391) ~[ApacheJMeter_components.jar:5.1.1 r1855137]
	at javax.swing.JComponent.paint(JComponent.java:1056) ~[?:1.8.0_161]
	at javax.swing.JComponent.paintChildren(JComponent.java:889) ~[?:1.8.0_161]
	at javax.swing.JComponent.paint(JComponent.java:1065) ~[?:1.8.0_161]
	at javax.swing.JComponent.paintToOffscreen(JComponent.java:5210) ~[?:1.8.0_161]
	at javax.swing.RepaintManager$PaintManager.paintDoubleBuffered(RepaintManager.java:1579) ~[?:1.8.0_161]
	at javax.swing.RepaintManager$PaintManager.paint(RepaintManager.java:1502) ~[?:1.8.0_161]
	at javax.swing.RepaintManager.paint(RepaintManager.java:1272) ~[?:1.8.0_161]
	at javax.swing.JComponent._paintImmediately(JComponent.java:5158) ~[?:1.8.0_161]
	at javax.swing.JComponent.paintImmediately(JComponent.java:4969) ~[?:1.8.0_161]
	at javax.swing.RepaintManager$4.run(RepaintManager.java:831) ~[?:1.8.0_161]
	at javax.swing.RepaintManager$4.run(RepaintManager.java:814) ~[?:1.8.0_161]
	at java.security.AccessController.doPrivileged(Native Method) ~[?:1.8.0_161]
	at java.security.ProtectionDomain$JavaSecurityAccessImpl.doIntersectionPrivilege(ProtectionDomain.java:80) ~[?:1.8.0_161]
	at javax.swing.RepaintManager.paintDirtyRegions(RepaintManager.java:814) ~[?:1.8.0_161]
	at javax.swing.RepaintManager.paintDirtyRegions(RepaintManager.java:789) ~[?:1.8.0_161]
	at javax.swing.RepaintManager.prePaintDirtyRegions(RepaintManager.java:738) ~[?:1.8.0_161]
	at javax.swing.RepaintManager.access$1200(RepaintManager.java:64) ~[?:1.8.0_161]
	at javax.swing.RepaintManager$ProcessingRunnable.run(RepaintManager.java:1732) ~[?:1.8.0_161]
	at java.awt.event.InvocationEvent.dispatch(InvocationEvent.java:311) ~[?:1.8.0_161]
	at java.awt.EventQueue.dispatchEventImpl(EventQueue.java:756) ~[?:1.8.0_161]
	at java.awt.EventQueue.access$500(EventQueue.java:97) ~[?:1.8.0_161]
	at java.awt.EventQueue$3.run(EventQueue.java:709) ~[?:1.8.0_161]
	at java.awt.EventQueue$3.run(EventQueue.java:703) ~[?:1.8.0_161]
	at java.security.AccessController.doPrivileged(Native Method) ~[?:1.8.0_161]
	at java.security.ProtectionDomain$JavaSecurityAccessImpl.doIntersectionPrivilege(ProtectionDomain.java:80) ~[?:1.8.0_161]
	at java.awt.EventQueue.dispatchEvent(EventQueue.java:726) ~[?:1.8.0_161]
	at java.awt.EventDispatchThread.pumpOneEventForFilters(EventDispatchThread.java:201) [?:1.8.0_161]
	at java.awt.EventDispatchThread.pumpEventsForFilter(EventDispatchThread.java:116) [?:1.8.0_161]
	at java.awt.EventDispatchThread.pumpEventsForHierarchy(EventDispatchThread.java:105) [?:1.8.0_161]
	at java.awt.EventDispatchThread.pumpEvents(EventDispatchThread.java:101) [?:1.8.0_161]
	at java.awt.EventDispatchThread.pumpEvents(EventDispatchThread.java:93) [?:1.8.0_161]
	at java.awt.EventDispatchThread.run(EventDispatchThread.java:82) [?:1.8.0_161]
2019-06-15 21:33:56,293 ERROR o.a.j.JMeter: Uncaught exception: 
java.lang.IllegalArgumentException: Zero length string passed to TextLayout constructor.
	at java.awt.font.TextLayout.<init>(TextLayout.java:383) ~[?:1.8.0_161]
	at org.jCharts.chartText.TextTag.<init>(Unknown Source) ~[jcharts-0.7.5.jar:?]
	at org.jCharts.chartText.TextTag.<init>(Unknown Source) ~[jcharts-0.7.5.jar:?]
	at org.jCharts.chartText.TextTagGroup.addLabel(Unknown Source) ~[jcharts-0.7.5.jar:?]
	at org.jCharts.axisChart.AxisChart.setupAxis(Unknown Source) ~[jcharts-0.7.5.jar:?]
	at org.jCharts.axisChart.AxisChart.renderChart(Unknown Source) ~[jcharts-0.7.5.jar:?]
	at org.jCharts.Chart.render(Unknown Source) ~[jcharts-0.7.5.jar:?]
	at org.apache.jmeter.visualizers.AxisGraph.drawSample(AxisGraph.java:431) ~[ApacheJMeter_components.jar:5.1.1 r1855137]
	at org.apache.jmeter.visualizers.AxisGraph.paintComponent(AxisGraph.java:315) ~[ApacheJMeter_components.jar:5.1.1 r1855137]
	at javax.swing.JComponent.paint(JComponent.java:1056) ~[?:1.8.0_161]
	at javax.swing.JComponent.paintChildren(JComponent.java:889) ~[?:1.8.0_161]
	at javax.swing.JComponent.paint(JComponent.java:1065) ~[?:1.8.0_161]
	at javax.swing.JComponent.paintChildren(JComponent.java:889) ~[?:1.8.0_161]
	at javax.swing.JSplitPane.paintChildren(JSplitPane.java:1047) ~[?:1.8.0_161]
	at javax.swing.JComponent.paint(JComponent.java:1065) ~[?:1.8.0_161]
	at javax.swing.JComponent.paintToOffscreen(JComponent.java:5210) ~[?:1.8.0_161]
	at javax.swing.RepaintManager$PaintManager.paintDoubleBuffered(RepaintManager.java:1579) ~[?:1.8.0_161]
	at javax.swing.RepaintManager$PaintManager.paint(RepaintManager.java:1502) ~[?:1.8.0_161]
	at javax.swing.RepaintManager.paint(RepaintManager.java:1272) ~[?:1.8.0_161]
	at javax.swing.JComponent._paintImmediately(JComponent.java:5158) ~[?:1.8.0_161]
	at javax.swing.JComponent.paintImmediately(JComponent.java:4969) ~[?:1.8.0_161]
	at javax.swing.RepaintManager$4.run(RepaintManager.java:831) ~[?:1.8.0_161]
	at javax.swing.RepaintManager$4.run(RepaintManager.java:814) ~[?:1.8.0_161]
	at java.security.AccessController.doPrivileged(Native Method) ~[?:1.8.0_161]
	at java.security.ProtectionDomain$JavaSecurityAccessImpl.doIntersectionPrivilege(ProtectionDomain.java:80) ~[?:1.8.0_161]
	at javax.swing.RepaintManager.paintDirtyRegions(RepaintManager.java:814) ~[?:1.8.0_161]
	at javax.swing.RepaintManager.paintDirtyRegions(RepaintManager.java:789) ~[?:1.8.0_161]
	at javax.swing.RepaintManager.prePaintDirtyRegions(RepaintManager.java:738) ~[?:1.8.0_161]
	at javax.swing.RepaintManager.access$1200(RepaintManager.java:64) ~[?:1.8.0_161]
	at javax.swing.RepaintManager$ProcessingRunnable.run(RepaintManager.java:1732) ~[?:1.8.0_161]
	at java.awt.event.InvocationEvent.dispatch(InvocationEvent.java:311) ~[?:1.8.0_161]
	at java.awt.EventQueue.dispatchEventImpl(EventQueue.java:756) ~[?:1.8.0_161]
	at java.awt.EventQueue.access$500(EventQueue.java:97) ~[?:1.8.0_161]
	at java.awt.EventQueue$3.run(EventQueue.java:709) ~[?:1.8.0_161]
	at java.awt.EventQueue$3.run(EventQueue.java:703) ~[?:1.8.0_161]
	at java.security.AccessController.doPrivileged(Native Method) ~[?:1.8.0_161]
	at java.security.ProtectionDomain$JavaSecurityAccessImpl.doIntersectionPrivilege(ProtectionDomain.java:80) ~[?:1.8.0_161]
	at java.awt.EventQueue.dispatchEvent(EventQueue.java:726) ~[?:1.8.0_161]
	at java.awt.EventDispatchThread.pumpOneEventForFilters(EventDispatchThread.java:201) [?:1.8.0_161]
	at java.awt.EventDispatchThread.pumpEventsForFilter(EventDispatchThread.java:116) [?:1.8.0_161]
	at java.awt.EventDispatchThread.pumpEventsForHierarchy(EventDispatchThread.java:105) [?:1.8.0_161]
	at java.awt.EventDispatchThread.pumpEvents(EventDispatchThread.java:101) [?:1.8.0_161]
	at java.awt.EventDispatchThread.pumpEvents(EventDispatchThread.java:93) [?:1.8.0_161]
	at java.awt.EventDispatchThread.run(EventDispatchThread.java:82) [?:1.8.0_161]
2019-06-15 21:34:00,383 ERROR o.a.j.JMeter: Uncaught exception: 
java.lang.IllegalArgumentException: Zero length string passed to TextLayout constructor.
	at java.awt.font.TextLayout.<init>(TextLayout.java:383) ~[?:1.8.0_161]
	at org.jCharts.chartText.TextTag.<init>(Unknown Source) ~[jcharts-0.7.5.jar:?]
	at org.jCharts.chartText.TextTag.<init>(Unknown Source) ~[jcharts-0.7.5.jar:?]
	at org.jCharts.chartText.TextTagGroup.addLabel(Unknown Source) ~[jcharts-0.7.5.jar:?]
	at org.jCharts.axisChart.AxisChart.setupAxis(Unknown Source) ~[jcharts-0.7.5.jar:?]
	at org.jCharts.axisChart.AxisChart.renderChart(Unknown Source) ~[jcharts-0.7.5.jar:?]
	at org.jCharts.Chart.render(Unknown Source) ~[jcharts-0.7.5.jar:?]
	at org.apache.jmeter.visualizers.AxisGraph.drawSample(AxisGraph.java:431) ~[ApacheJMeter_components.jar:5.1.1 r1855137]
	at org.apache.jmeter.visualizers.AxisGraph.paintComponent(AxisGraph.java:315) ~[ApacheJMeter_components.jar:5.1.1 r1855137]
	at javax.swing.JComponent.paint(JComponent.java:1056) ~[?:1.8.0_161]
	at javax.swing.JComponent.paintChildren(JComponent.java:889) ~[?:1.8.0_161]
	at javax.swing.JComponent.paint(JComponent.java:1065) ~[?:1.8.0_161]
	at javax.swing.JComponent.paintChildren(JComponent.java:889) ~[?:1.8.0_161]
	at javax.swing.JSplitPane.paintChildren(JSplitPane.java:1047) ~[?:1.8.0_161]
	at javax.swing.JComponent.paint(JComponent.java:1065) ~[?:1.8.0_161]
	at javax.swing.JComponent.paintChildren(JComponent.java:889) ~[?:1.8.0_161]
	at javax.swing.JComponent.paint(JComponent.java:1065) ~[?:1.8.0_161]
	at javax.swing.JComponent.paintChildren(JComponent.java:889) ~[?:1.8.0_161]
	at javax.swing.JComponent.paint(JComponent.java:1065) ~[?:1.8.0_161]
	at javax.swing.JViewport.paint(JViewport.java:728) ~[?:1.8.0_161]
	at javax.swing.JComponent.paintChildren(JComponent.java:889) ~[?:1.8.0_161]
	at javax.swing.JComponent.paint(JComponent.java:1065) ~[?:1.8.0_161]
	at javax.swing.JComponent.paintChildren(JComponent.java:889) ~[?:1.8.0_161]
	at javax.swing.JSplitPane.paintChildren(JSplitPane.java:1047) ~[?:1.8.0_161]
	at javax.swing.JComponent.paint(JComponent.java:1065) ~[?:1.8.0_161]
	at javax.swing.JComponent.paintChildren(JComponent.java:889) ~[?:1.8.0_161]
	at javax.swing.JSplitPane.paintChildren(JSplitPane.java:1047) ~[?:1.8.0_161]
	at javax.swing.JComponent.paint(JComponent.java:1065) ~[?:1.8.0_161]
	at javax.swing.JComponent.paintChildren(JComponent.java:889) ~[?:1.8.0_161]
	at javax.swing.JComponent.paint(JComponent.java:1065) ~[?:1.8.0_161]
	at javax.swing.JComponent.paintChildren(JComponent.java:889) ~[?:1.8.0_161]
	at javax.swing.JComponent.paint(JComponent.java:1065) ~[?:1.8.0_161]
	at javax.swing.JComponent.paintChildren(JComponent.java:889) ~[?:1.8.0_161]
	at javax.swing.JComponent.paint(JComponent.java:1065) ~[?:1.8.0_161]
	at javax.swing.JLayeredPane.paint(JLayeredPane.java:586) ~[?:1.8.0_161]
	at javax.swing.JComponent.paintChildren(JComponent.java:889) ~[?:1.8.0_161]
	at javax.swing.JComponent.paintToOffscreen(JComponent.java:5217) ~[?:1.8.0_161]
	at javax.swing.RepaintManager$PaintManager.paintDoubleBuffered(RepaintManager.java:1579) ~[?:1.8.0_161]
	at javax.swing.RepaintManager$PaintManager.paint(RepaintManager.java:1502) ~[?:1.8.0_161]
	at javax.swing.RepaintManager.paint(RepaintManager.java:1272) ~[?:1.8.0_161]
	at javax.swing.JComponent.paint(JComponent.java:1042) ~[?:1.8.0_161]
	at java.awt.GraphicsCallback$PaintCallback.run(GraphicsCallback.java:39) ~[?:1.8.0_161]
	at sun.awt.SunGraphicsCallback.runOneComponent(SunGraphicsCallback.java:79) ~[?:1.8.0_161]
	at sun.awt.SunGraphicsCallback.runComponents(SunGraphicsCallback.java:116) ~[?:1.8.0_161]
	at java.awt.Container.paint(Container.java:1976) ~[?:1.8.0_161]
	at java.awt.Window.paint(Window.java:3906) ~[?:1.8.0_161]
	at javax.swing.RepaintManager$4.run(RepaintManager.java:842) ~[?:1.8.0_161]
	at javax.swing.RepaintManager$4.run(RepaintManager.java:814) ~[?:1.8.0_161]
	at java.security.AccessController.doPrivileged(Native Method) ~[?:1.8.0_161]
	at java.security.ProtectionDomain$JavaSecurityAccessImpl.doIntersectionPrivilege(ProtectionDomain.java:80) ~[?:1.8.0_161]
	at javax.swing.RepaintManager.paintDirtyRegions(RepaintManager.java:814) ~[?:1.8.0_161]
	at javax.swing.RepaintManager.paintDirtyRegions(RepaintManager.java:789) ~[?:1.8.0_161]
	at javax.swing.RepaintManager.prePaintDirtyRegions(RepaintManager.java:738) ~[?:1.8.0_161]
	at javax.swing.RepaintManager.access$1200(RepaintManager.java:64) ~[?:1.8.0_161]
	at javax.swing.RepaintManager$ProcessingRunnable.run(RepaintManager.java:1732) ~[?:1.8.0_161]
	at java.awt.event.InvocationEvent.dispatch(InvocationEvent.java:311) ~[?:1.8.0_161]
	at java.awt.EventQueue.dispatchEventImpl(EventQueue.java:756) ~[?:1.8.0_161]
	at java.awt.EventQueue.access$500(EventQueue.java:97) ~[?:1.8.0_161]
	at java.awt.EventQueue$3.run(EventQueue.java:709) ~[?:1.8.0_161]
	at java.awt.EventQueue$3.run(EventQueue.java:703) ~[?:1.8.0_161]
	at java.security.AccessController.doPrivileged(Native Method) ~[?:1.8.0_161]
	at java.security.ProtectionDomain$JavaSecurityAccessImpl.doIntersectionPrivilege(ProtectionDomain.java:80) ~[?:1.8.0_161]
	at java.awt.EventQueue.dispatchEvent(EventQueue.java:726) ~[?:1.8.0_161]
	at java.awt.EventDispatchThread.pumpOneEventForFilters(EventDispatchThread.java:201) [?:1.8.0_161]
	at java.awt.EventDispatchThread.pumpEventsForFilter(EventDispatchThread.java:116) [?:1.8.0_161]
	at java.awt.EventDispatchThread.pumpEventsForHierarchy(EventDispatchThread.java:105) [?:1.8.0_161]
	at java.awt.EventDispatchThread.pumpEvents(EventDispatchThread.java:101) [?:1.8.0_161]
	at java.awt.EventDispatchThread.pumpEvents(EventDispatchThread.java:93) [?:1.8.0_161]
	at java.awt.EventDispatchThread.run(EventDispatchThread.java:82) [?:1.8.0_161]
2019-06-15 21:34:00,426 ERROR o.a.j.JMeter: Uncaught exception: 
java.lang.IllegalArgumentException: Zero length string passed to TextLayout constructor.
	at java.awt.font.TextLayout.<init>(TextLayout.java:383) ~[?:1.8.0_161]
	at org.jCharts.chartText.TextTag.<init>(Unknown Source) ~[jcharts-0.7.5.jar:?]
	at org.jCharts.chartText.TextTag.<init>(Unknown Source) ~[jcharts-0.7.5.jar:?]
	at org.jCharts.chartText.TextTagGroup.addLabel(Unknown Source) ~[jcharts-0.7.5.jar:?]
	at org.jCharts.axisChart.AxisChart.setupAxis(Unknown Source) ~[jcharts-0.7.5.jar:?]
	at org.jCharts.axisChart.AxisChart.renderChart(Unknown Source) ~[jcharts-0.7.5.jar:?]
	at org.jCharts.Chart.render(Unknown Source) ~[jcharts-0.7.5.jar:?]
	at org.apache.jmeter.visualizers.AxisGraph.drawSample(AxisGraph.java:431) ~[ApacheJMeter_components.jar:5.1.1 r1855137]
	at org.apache.jmeter.visualizers.AxisGraph.paintComponent(AxisGraph.java:315) ~[ApacheJMeter_components.jar:5.1.1 r1855137]
	at javax.swing.JComponent.paint(JComponent.java:1056) ~[?:1.8.0_161]
	at javax.swing.JComponent.paintChildren(JComponent.java:889) ~[?:1.8.0_161]
	at javax.swing.JComponent.paint(JComponent.java:1065) ~[?:1.8.0_161]
	at javax.swing.JComponent.paintChildren(JComponent.java:889) ~[?:1.8.0_161]
	at javax.swing.JSplitPane.paintChildren(JSplitPane.java:1047) ~[?:1.8.0_161]
	at javax.swing.JComponent.paint(JComponent.java:1065) ~[?:1.8.0_161]
	at javax.swing.JComponent.paintChildren(JComponent.java:889) ~[?:1.8.0_161]
	at javax.swing.JComponent.paint(JComponent.java:1065) ~[?:1.8.0_161]
	at javax.swing.JComponent.paintChildren(JComponent.java:889) ~[?:1.8.0_161]
	at javax.swing.JComponent.paint(JComponent.java:1065) ~[?:1.8.0_161]
	at javax.swing.JViewport.paint(JViewport.java:728) ~[?:1.8.0_161]
	at javax.swing.JComponent.paintChildren(JComponent.java:889) ~[?:1.8.0_161]
	at javax.swing.JComponent.paint(JComponent.java:1065) ~[?:1.8.0_161]
	at javax.swing.JComponent.paintChildren(JComponent.java:889) ~[?:1.8.0_161]
	at javax.swing.JSplitPane.paintChildren(JSplitPane.java:1047) ~[?:1.8.0_161]
	at javax.swing.JComponent.paint(JComponent.java:1065) ~[?:1.8.0_161]
	at javax.swing.JComponent.paintChildren(JComponent.java:889) ~[?:1.8.0_161]
	at javax.swing.JSplitPane.paintChildren(JSplitPane.java:1047) ~[?:1.8.0_161]
	at javax.swing.JComponent.paint(JComponent.java:1065) ~[?:1.8.0_161]
	at javax.swing.JComponent.paintChildren(JComponent.java:889) ~[?:1.8.0_161]
	at javax.swing.JComponent.paint(JComponent.java:1065) ~[?:1.8.0_161]
	at javax.swing.JComponent.paintChildren(JComponent.java:889) ~[?:1.8.0_161]
	at javax.swing.JComponent.paint(JComponent.java:1065) ~[?:1.8.0_161]
	at javax.swing.JComponent.paintChildren(JComponent.java:889) ~[?:1.8.0_161]
	at javax.swing.JComponent.paint(JComponent.java:1065) ~[?:1.8.0_161]
	at javax.swing.JLayeredPane.paint(JLayeredPane.java:586) ~[?:1.8.0_161]
	at javax.swing.JComponent.paintChildren(JComponent.java:889) ~[?:1.8.0_161]
	at javax.swing.JComponent.paintToOffscreen(JComponent.java:5217) ~[?:1.8.0_161]
	at javax.swing.RepaintManager$PaintManager.paintDoubleBuffered(RepaintManager.java:1579) ~[?:1.8.0_161]
	at javax.swing.RepaintManager$PaintManager.paint(RepaintManager.java:1502) ~[?:1.8.0_161]
	at javax.swing.RepaintManager.paint(RepaintManager.java:1272) ~[?:1.8.0_161]
	at javax.swing.JComponent.paint(JComponent.java:1042) ~[?:1.8.0_161]
	at java.awt.GraphicsCallback$PaintCallback.run(GraphicsCallback.java:39) ~[?:1.8.0_161]
	at sun.awt.SunGraphicsCallback.runOneComponent(SunGraphicsCallback.java:79) ~[?:1.8.0_161]
	at sun.awt.SunGraphicsCallback.runComponents(SunGraphicsCallback.java:116) ~[?:1.8.0_161]
	at java.awt.Container.paint(Container.java:1976) ~[?:1.8.0_161]
	at java.awt.Window.paint(Window.java:3906) ~[?:1.8.0_161]
	at javax.swing.RepaintManager$4.run(RepaintManager.java:842) ~[?:1.8.0_161]
	at javax.swing.RepaintManager$4.run(RepaintManager.java:814) ~[?:1.8.0_161]
	at java.security.AccessController.doPrivileged(Native Method) ~[?:1.8.0_161]
	at java.security.ProtectionDomain$JavaSecurityAccessImpl.doIntersectionPrivilege(ProtectionDomain.java:80) ~[?:1.8.0_161]
	at javax.swing.RepaintManager.paintDirtyRegions(RepaintManager.java:814) ~[?:1.8.0_161]
	at javax.swing.RepaintManager.paintDirtyRegions(RepaintManager.java:789) ~[?:1.8.0_161]
	at javax.swing.RepaintManager.prePaintDirtyRegions(RepaintManager.java:738) ~[?:1.8.0_161]
	at javax.swing.RepaintManager.access$1200(RepaintManager.java:64) ~[?:1.8.0_161]
	at javax.swing.RepaintManager$ProcessingRunnable.run(RepaintManager.java:1732) ~[?:1.8.0_161]
	at java.awt.event.InvocationEvent.dispatch(InvocationEvent.java:311) ~[?:1.8.0_161]
	at java.awt.EventQueue.dispatchEventImpl(EventQueue.java:756) ~[?:1.8.0_161]
	at java.awt.EventQueue.access$500(EventQueue.java:97) ~[?:1.8.0_161]
	at java.awt.EventQueue$3.run(EventQueue.java:709) ~[?:1.8.0_161]
	at java.awt.EventQueue$3.run(EventQueue.java:703) ~[?:1.8.0_161]
	at java.security.AccessController.doPrivileged(Native Method) ~[?:1.8.0_161]
	at java.security.ProtectionDomain$JavaSecurityAccessImpl.doIntersectionPrivilege(ProtectionDomain.java:80) ~[?:1.8.0_161]
	at java.awt.EventQueue.dispatchEvent(EventQueue.java:726) ~[?:1.8.0_161]
	at java.awt.EventDispatchThread.pumpOneEventForFilters(EventDispatchThread.java:201) [?:1.8.0_161]
	at java.awt.EventDispatchThread.pumpEventsForFilter(EventDispatchThread.java:116) [?:1.8.0_161]
	at java.awt.EventDispatchThread.pumpEventsForHierarchy(EventDispatchThread.java:105) [?:1.8.0_161]
	at java.awt.EventDispatchThread.pumpEvents(EventDispatchThread.java:101) [?:1.8.0_161]
	at java.awt.EventDispatchThread.pumpEvents(EventDispatchThread.java:93) [?:1.8.0_161]
	at java.awt.EventDispatchThread.run(EventDispatchThread.java:82) [?:1.8.0_161]
2019-06-15 21:34:00,513 ERROR o.a.j.JMeter: Uncaught exception: 
java.lang.IllegalArgumentException: Zero length string passed to TextLayout constructor.
	at java.awt.font.TextLayout.<init>(TextLayout.java:383) ~[?:1.8.0_161]
	at org.jCharts.chartText.TextTag.<init>(Unknown Source) ~[jcharts-0.7.5.jar:?]
	at org.jCharts.chartText.TextTag.<init>(Unknown Source) ~[jcharts-0.7.5.jar:?]
	at org.jCharts.chartText.TextTagGroup.addLabel(Unknown Source) ~[jcharts-0.7.5.jar:?]
	at org.jCharts.axisChart.AxisChart.setupAxis(Unknown Source) ~[jcharts-0.7.5.jar:?]
	at org.jCharts.axisChart.AxisChart.renderChart(Unknown Source) ~[jcharts-0.7.5.jar:?]
	at org.jCharts.Chart.render(Unknown Source) ~[jcharts-0.7.5.jar:?]
	at org.apache.jmeter.visualizers.AxisGraph.drawSample(AxisGraph.java:431) ~[ApacheJMeter_components.jar:5.1.1 r1855137]
	at org.apache.jmeter.visualizers.AxisGraph.paintComponent(AxisGraph.java:315) ~[ApacheJMeter_components.jar:5.1.1 r1855137]
	at javax.swing.JComponent.paint(JComponent.java:1056) ~[?:1.8.0_161]
	at javax.swing.JComponent.paintChildren(JComponent.java:889) ~[?:1.8.0_161]
	at javax.swing.JComponent.paint(JComponent.java:1065) ~[?:1.8.0_161]
	at javax.swing.JComponent.paintChildren(JComponent.java:889) ~[?:1.8.0_161]
	at javax.swing.JSplitPane.paintChildren(JSplitPane.java:1047) ~[?:1.8.0_161]
	at javax.swing.JComponent.paint(JComponent.java:1065) ~[?:1.8.0_161]
	at javax.swing.JComponent.paintChildren(JComponent.java:889) ~[?:1.8.0_161]
	at javax.swing.JComponent.paint(JComponent.java:1065) ~[?:1.8.0_161]
	at javax.swing.JComponent.paintChildren(JComponent.java:889) ~[?:1.8.0_161]
	at javax.swing.JComponent.paint(JComponent.java:1065) ~[?:1.8.0_161]
	at javax.swing.JViewport.paint(JViewport.java:728) ~[?:1.8.0_161]
	at javax.swing.JComponent.paintChildren(JComponent.java:889) ~[?:1.8.0_161]
	at javax.swing.JComponent.paint(JComponent.java:1065) ~[?:1.8.0_161]
	at javax.swing.JComponent.paintChildren(JComponent.java:889) ~[?:1.8.0_161]
	at javax.swing.JSplitPane.paintChildren(JSplitPane.java:1047) ~[?:1.8.0_161]
	at javax.swing.JComponent.paint(JComponent.java:1065) ~[?:1.8.0_161]
	at javax.swing.JComponent.paintChildren(JComponent.java:889) ~[?:1.8.0_161]
	at javax.swing.JSplitPane.paintChildren(JSplitPane.java:1047) ~[?:1.8.0_161]
	at javax.swing.JComponent.paint(JComponent.java:1065) ~[?:1.8.0_161]
	at javax.swing.JComponent.paintChildren(JComponent.java:889) ~[?:1.8.0_161]
	at javax.swing.JComponent.paint(JComponent.java:1065) ~[?:1.8.0_161]
	at javax.swing.JComponent.paintChildren(JComponent.java:889) ~[?:1.8.0_161]
	at javax.swing.JComponent.paint(JComponent.java:1065) ~[?:1.8.0_161]
	at javax.swing.JComponent.paintChildren(JComponent.java:889) ~[?:1.8.0_161]
	at javax.swing.JComponent.paint(JComponent.java:1065) ~[?:1.8.0_161]
	at javax.swing.JLayeredPane.paint(JLayeredPane.java:586) ~[?:1.8.0_161]
	at javax.swing.JComponent.paintChildren(JComponent.java:889) ~[?:1.8.0_161]
	at javax.swing.JComponent.paintToOffscreen(JComponent.java:5217) ~[?:1.8.0_161]
	at javax.swing.RepaintManager$PaintManager.paintDoubleBuffered(RepaintManager.java:1579) ~[?:1.8.0_161]
	at javax.swing.RepaintManager$PaintManager.paint(RepaintManager.java:1502) ~[?:1.8.0_161]
	at javax.swing.RepaintManager.paint(RepaintManager.java:1272) ~[?:1.8.0_161]
	at javax.swing.JComponent.paint(JComponent.java:1042) ~[?:1.8.0_161]
	at java.awt.GraphicsCallback$PaintCallback.run(GraphicsCallback.java:39) ~[?:1.8.0_161]
	at sun.awt.SunGraphicsCallback.runOneComponent(SunGraphicsCallback.java:79) ~[?:1.8.0_161]
	at sun.awt.SunGraphicsCallback.runComponents(SunGraphicsCallback.java:116) ~[?:1.8.0_161]
	at java.awt.Container.paint(Container.java:1976) ~[?:1.8.0_161]
	at java.awt.Window.paint(Window.java:3906) ~[?:1.8.0_161]
	at javax.swing.RepaintManager$4.run(RepaintManager.java:842) ~[?:1.8.0_161]
	at javax.swing.RepaintManager$4.run(RepaintManager.java:814) ~[?:1.8.0_161]
	at java.security.AccessController.doPrivileged(Native Method) ~[?:1.8.0_161]
	at java.security.ProtectionDomain$JavaSecurityAccessImpl.doIntersectionPrivilege(ProtectionDomain.java:80) ~[?:1.8.0_161]
	at javax.swing.RepaintManager.paintDirtyRegions(RepaintManager.java:814) ~[?:1.8.0_161]
	at javax.swing.RepaintManager.paintDirtyRegions(RepaintManager.java:789) ~[?:1.8.0_161]
	at javax.swing.RepaintManager.prePaintDirtyRegions(RepaintManager.java:738) ~[?:1.8.0_161]
	at javax.swing.RepaintManager.access$1200(RepaintManager.java:64) ~[?:1.8.0_161]
	at javax.swing.RepaintManager$ProcessingRunnable.run(RepaintManager.java:1732) ~[?:1.8.0_161]
	at java.awt.event.InvocationEvent.dispatch(InvocationEvent.java:311) ~[?:1.8.0_161]
	at java.awt.EventQueue.dispatchEventImpl(EventQueue.java:756) ~[?:1.8.0_161]
	at java.awt.EventQueue.access$500(EventQueue.java:97) ~[?:1.8.0_161]
	at java.awt.EventQueue$3.run(EventQueue.java:709) ~[?:1.8.0_161]
	at java.awt.EventQueue$3.run(EventQueue.java:703) ~[?:1.8.0_161]
	at java.security.AccessController.doPrivileged(Native Method) ~[?:1.8.0_161]
	at java.security.ProtectionDomain$JavaSecurityAccessImpl.doIntersectionPrivilege(ProtectionDomain.java:80) ~[?:1.8.0_161]
	at java.awt.EventQueue.dispatchEvent(EventQueue.java:726) ~[?:1.8.0_161]
	at java.awt.EventDispatchThread.pumpOneEventForFilters(EventDispatchThread.java:201) [?:1.8.0_161]
	at java.awt.EventDispatchThread.pumpEventsForFilter(EventDispatchThread.java:116) [?:1.8.0_161]
	at java.awt.EventDispatchThread.pumpEventsForHierarchy(EventDispatchThread.java:105) [?:1.8.0_161]
	at java.awt.EventDispatchThread.pumpEvents(EventDispatchThread.java:101) [?:1.8.0_161]
	at java.awt.EventDispatchThread.pumpEvents(EventDispatchThread.java:93) [?:1.8.0_161]
	at java.awt.EventDispatchThread.run(EventDispatchThread.java:82) [?:1.8.0_161]
2019-06-15 21:34:00,554 ERROR o.a.j.JMeter: Uncaught exception: 
java.lang.IllegalArgumentException: Zero length string passed to TextLayout constructor.
	at java.awt.font.TextLayout.<init>(TextLayout.java:383) ~[?:1.8.0_161]
	at org.jCharts.chartText.TextTag.<init>(Unknown Source) ~[jcharts-0.7.5.jar:?]
	at org.jCharts.chartText.TextTag.<init>(Unknown Source) ~[jcharts-0.7.5.jar:?]
	at org.jCharts.chartText.TextTagGroup.addLabel(Unknown Source) ~[jcharts-0.7.5.jar:?]
	at org.jCharts.axisChart.AxisChart.setupAxis(Unknown Source) ~[jcharts-0.7.5.jar:?]
	at org.jCharts.axisChart.AxisChart.renderChart(Unknown Source) ~[jcharts-0.7.5.jar:?]
	at org.jCharts.Chart.render(Unknown Source) ~[jcharts-0.7.5.jar:?]
	at org.apache.jmeter.visualizers.AxisGraph.drawSample(AxisGraph.java:431) ~[ApacheJMeter_components.jar:5.1.1 r1855137]
	at org.apache.jmeter.visualizers.AxisGraph.paintComponent(AxisGraph.java:315) ~[ApacheJMeter_components.jar:5.1.1 r1855137]
	at javax.swing.JComponent.paint(JComponent.java:1056) ~[?:1.8.0_161]
	at javax.swing.JComponent.paintChildren(JComponent.java:889) ~[?:1.8.0_161]
	at javax.swing.JComponent.paint(JComponent.java:1065) ~[?:1.8.0_161]
	at javax.swing.JComponent.paintChildren(JComponent.java:889) ~[?:1.8.0_161]
	at javax.swing.JSplitPane.paintChildren(JSplitPane.java:1047) ~[?:1.8.0_161]
	at javax.swing.JComponent.paint(JComponent.java:1065) ~[?:1.8.0_161]
	at javax.swing.JComponent.paintChildren(JComponent.java:889) ~[?:1.8.0_161]
	at javax.swing.JComponent.paint(JComponent.java:1065) ~[?:1.8.0_161]
	at javax.swing.JComponent.paintChildren(JComponent.java:889) ~[?:1.8.0_161]
	at javax.swing.JComponent.paint(JComponent.java:1065) ~[?:1.8.0_161]
	at javax.swing.JViewport.paint(JViewport.java:728) ~[?:1.8.0_161]
	at javax.swing.JComponent.paintChildren(JComponent.java:889) ~[?:1.8.0_161]
	at javax.swing.JComponent.paint(JComponent.java:1065) ~[?:1.8.0_161]
	at javax.swing.JComponent.paintChildren(JComponent.java:889) ~[?:1.8.0_161]
	at javax.swing.JSplitPane.paintChildren(JSplitPane.java:1047) ~[?:1.8.0_161]
	at javax.swing.JComponent.paint(JComponent.java:1065) ~[?:1.8.0_161]
	at javax.swing.JComponent.paintChildren(JComponent.java:889) ~[?:1.8.0_161]
	at javax.swing.JSplitPane.paintChildren(JSplitPane.java:1047) ~[?:1.8.0_161]
	at javax.swing.JComponent.paint(JComponent.java:1065) ~[?:1.8.0_161]
	at javax.swing.JComponent.paintChildren(JComponent.java:889) ~[?:1.8.0_161]
	at javax.swing.JComponent.paint(JComponent.java:1065) ~[?:1.8.0_161]
	at javax.swing.JComponent.paintChildren(JComponent.java:889) ~[?:1.8.0_161]
	at javax.swing.JComponent.paint(JComponent.java:1065) ~[?:1.8.0_161]
	at javax.swing.JComponent.paintChildren(JComponent.java:889) ~[?:1.8.0_161]
	at javax.swing.JComponent.paint(JComponent.java:1065) ~[?:1.8.0_161]
	at javax.swing.JLayeredPane.paint(JLayeredPane.java:586) ~[?:1.8.0_161]
	at javax.swing.JComponent.paintChildren(JComponent.java:889) ~[?:1.8.0_161]
	at javax.swing.JComponent.paintToOffscreen(JComponent.java:5217) ~[?:1.8.0_161]
	at javax.swing.RepaintManager$PaintManager.paintDoubleBuffered(RepaintManager.java:1579) ~[?:1.8.0_161]
	at javax.swing.RepaintManager$PaintManager.paint(RepaintManager.java:1502) ~[?:1.8.0_161]
	at javax.swing.RepaintManager.paint(RepaintManager.java:1272) ~[?:1.8.0_161]
	at javax.swing.JComponent.paint(JComponent.java:1042) ~[?:1.8.0_161]
	at java.awt.GraphicsCallback$PaintCallback.run(GraphicsCallback.java:39) ~[?:1.8.0_161]
	at sun.awt.SunGraphicsCallback.runOneComponent(SunGraphicsCallback.java:79) ~[?:1.8.0_161]
	at sun.awt.SunGraphicsCallback.runComponents(SunGraphicsCallback.java:116) ~[?:1.8.0_161]
	at java.awt.Container.paint(Container.java:1976) ~[?:1.8.0_161]
	at java.awt.Window.paint(Window.java:3906) ~[?:1.8.0_161]
	at javax.swing.RepaintManager$4.run(RepaintManager.java:842) ~[?:1.8.0_161]
	at javax.swing.RepaintManager$4.run(RepaintManager.java:814) ~[?:1.8.0_161]
	at java.security.AccessController.doPrivileged(Native Method) ~[?:1.8.0_161]
	at java.security.ProtectionDomain$JavaSecurityAccessImpl.doIntersectionPrivilege(ProtectionDomain.java:80) ~[?:1.8.0_161]
	at javax.swing.RepaintManager.paintDirtyRegions(RepaintManager.java:814) ~[?:1.8.0_161]
	at javax.swing.RepaintManager.paintDirtyRegions(RepaintManager.java:789) ~[?:1.8.0_161]
	at javax.swing.RepaintManager.prePaintDirtyRegions(RepaintManager.java:738) ~[?:1.8.0_161]
	at javax.swing.RepaintManager.access$1200(RepaintManager.java:64) ~[?:1.8.0_161]
	at javax.swing.RepaintManager$ProcessingRunnable.run(RepaintManager.java:1732) ~[?:1.8.0_161]
	at java.awt.event.InvocationEvent.dispatch(InvocationEvent.java:311) ~[?:1.8.0_161]
	at java.awt.EventQueue.dispatchEventImpl(EventQueue.java:756) ~[?:1.8.0_161]
	at java.awt.EventQueue.access$500(EventQueue.java:97) ~[?:1.8.0_161]
	at java.awt.EventQueue$3.run(EventQueue.java:709) ~[?:1.8.0_161]
	at java.awt.EventQueue$3.run(EventQueue.java:703) ~[?:1.8.0_161]
	at java.security.AccessController.doPrivileged(Native Method) ~[?:1.8.0_161]
	at java.security.ProtectionDomain$JavaSecurityAccessImpl.doIntersectionPrivilege(ProtectionDomain.java:80) ~[?:1.8.0_161]
	at java.awt.EventQueue.dispatchEvent(EventQueue.java:726) ~[?:1.8.0_161]
	at java.awt.EventDispatchThread.pumpOneEventForFilters(EventDispatchThread.java:201) [?:1.8.0_161]
	at java.awt.EventDispatchThread.pumpEventsForFilter(EventDispatchThread.java:116) [?:1.8.0_161]
	at java.awt.EventDispatchThread.pumpEventsForHierarchy(EventDispatchThread.java:105) [?:1.8.0_161]
	at java.awt.EventDispatchThread.pumpEvents(EventDispatchThread.java:101) [?:1.8.0_161]
	at java.awt.EventDispatchThread.pumpEvents(EventDispatchThread.java:93) [?:1.8.0_161]
	at java.awt.EventDispatchThread.run(EventDispatchThread.java:82) [?:1.8.0_161]
